<?xml version="1.0" encoding="UTF-8"?>
<testng-results ignored="0" total="1" passed="0" failed="1" skipped="0">
  <reporter-output>
  </reporter-output>
  <suite started-at="2022-08-19T13:08:47 IST" name="Suite" finished-at="2022-08-19T13:08:57 IST" duration-ms="9958">
    <groups>
    </groups>
    <test started-at="2022-08-19T13:08:47 IST" name="Test" finished-at="2022-08-19T13:08:57 IST" duration-ms="9958">
      <class name="com.AdminModule2TestCasess.RegisterAppartmentAndVerifyInDetailsPage">
        <test-method is-config="true" signature="configureBS()[pri:0, instance:com.AdminModule2TestCasess.RegisterAppartmentAndVerifyInDetailsPage@6283d8b8]" started-at="2022-08-19T13:08:47 IST" name="configureBS" finished-at="2022-08-19T13:08:47 IST" duration-ms="16" status="PASS">
          <reporter-output>
          </reporter-output>
        </test-method> <!-- configureBS -->
        <test-method is-config="true" signature="configBC(java.lang.String)[pri:0, instance:com.AdminModule2TestCasess.RegisterAppartmentAndVerifyInDetailsPage@6283d8b8]" started-at="2022-08-19T13:08:47 IST" name="configBC" finished-at="2022-08-19T13:08:51 IST" duration-ms="3940" status="PASS">
          <params>
            <param index="0">
              <value>
                <![CDATA[chrome]]>
              </value>
            </param>
          </params>
          <reporter-output>
          </reporter-output>
        </test-method> <!-- configBC -->
        <test-method is-config="true" signature="configureBM()[pri:0, instance:com.AdminModule2TestCasess.RegisterAppartmentAndVerifyInDetailsPage@6283d8b8]" started-at="2022-08-19T13:08:51 IST" name="configureBM" finished-at="2022-08-19T13:08:54 IST" duration-ms="3313" status="PASS">
          <reporter-output>
          </reporter-output>
        </test-method> <!-- configureBM -->
        <test-method signature="appartment()[pri:0, instance:com.AdminModule2TestCasess.RegisterAppartmentAndVerifyInDetailsPage@6283d8b8]" started-at="2022-08-19T13:08:54 IST" name="appartment" finished-at="2022-08-19T13:08:56 IST" duration-ms="1629" status="FAIL">
          <exception class="java.lang.AssertionError">
            <message>
              <![CDATA[The following asserts failed:
expected [3] but found [2]]]>
            </message>
            <full-stacktrace>
              <![CDATA[java.lang.AssertionError: The following asserts failed:
expected [3] but found [2]
at org.testng.asserts.SoftAssert.assertAll(SoftAssert.java:47)
at org.testng.asserts.SoftAssert.assertAll(SoftAssert.java:31)
at com.AdminModule2TestCasess.RegisterAppartmentAndVerifyInDetailsPage.appartment(RegisterAppartmentAndVerifyInDetailsPage.java:70)
at java.base/jdk.internal.reflect.NativeMethodAccessorImpl.invoke0(Native Method)
at java.base/jdk.internal.reflect.NativeMethodAccessorImpl.invoke(NativeMethodAccessorImpl.java:77)
at java.base/jdk.internal.reflect.DelegatingMethodAccessorImpl.invoke(DelegatingMethodAccessorImpl.java:43)
at java.base/java.lang.reflect.Method.invoke(Method.java:568)
at org.testng.internal.MethodInvocationHelper.invokeMethod(MethodInvocationHelper.java:133)
at org.testng.internal.TestInvoker.invokeMethod(TestInvoker.java:598)
at org.testng.internal.TestInvoker.invokeTestMethod(TestInvoker.java:173)
at org.testng.internal.MethodRunner.runInSequence(MethodRunner.java:46)
at org.testng.internal.TestInvoker$MethodInvocationAgent.invoke(TestInvoker.java:824)
at org.testng.internal.TestInvoker.invokeTestMethods(TestInvoker.java:146)
at org.testng.internal.TestMethodWorker.invokeTestMethods(TestMethodWorker.java:146)
at org.testng.internal.TestMethodWorker.run(TestMethodWorker.java:128)
at java.base/java.util.ArrayList.forEach(ArrayList.java:1511)
at org.testng.TestRunner.privateRun(TestRunner.java:794)
at org.testng.TestRunner.run(TestRunner.java:596)
at org.testng.SuiteRunner.runTest(SuiteRunner.java:377)
at org.testng.SuiteRunner.runSequentially(SuiteRunner.java:371)
at org.testng.SuiteRunner.privateRun(SuiteRunner.java:332)
at org.testng.SuiteRunner.run(SuiteRunner.java:276)
at org.testng.SuiteRunnerWorker.runSuite(SuiteRunnerWorker.java:53)
at org.testng.SuiteRunnerWorker.run(SuiteRunnerWorker.java:96)
at org.testng.TestNG.runSuitesSequentially(TestNG.java:1212)
at org.testng.TestNG.runSuitesLocally(TestNG.java:1134)
at org.testng.TestNG.runSuites(TestNG.java:1063)
at org.testng.TestNG.run(TestNG.java:1031)
at org.testng.remote.AbstractRemoteTestNG.run(AbstractRemoteTestNG.java:115)
at org.testng.remote.RemoteTestNG.initAndRun(RemoteTestNG.java:251)
at org.testng.remote.RemoteTestNG.main(RemoteTestNG.java:77)
]]>
            </full-stacktrace>
          </exception> <!-- java.lang.AssertionError -->
          <reporter-output>
          </reporter-output>
        </test-method> <!-- appartment -->
        <test-method is-config="true" signature="configureAM()[pri:0, instance:com.AdminModule2TestCasess.RegisterAppartmentAndVerifyInDetailsPage@6283d8b8]" started-at="2022-08-19T13:08:56 IST" name="configureAM" finished-at="2022-08-19T13:08:57 IST" duration-ms="436" status="PASS">
          <reporter-output>
          </reporter-output>
        </test-method> <!-- configureAM -->
        <test-method is-config="true" signature="configureAc()[pri:0, instance:com.AdminModule2TestCasess.RegisterAppartmentAndVerifyInDetailsPage@6283d8b8]" started-at="2022-08-19T13:08:57 IST" name="configureAc" finished-at="2022-08-19T13:08:57 IST" duration-ms="283" status="PASS">
          <reporter-output>
          </reporter-output>
        </test-method> <!-- configureAc -->
        <test-method is-config="true" signature="configureAS()[pri:0, instance:com.AdminModule2TestCasess.RegisterAppartmentAndVerifyInDetailsPage@6283d8b8]" started-at="2022-08-19T13:08:57 IST" name="configureAS" finished-at="2022-08-19T13:08:57 IST" duration-ms="1" status="PASS">
          <reporter-output>
          </reporter-output>
        </test-method> <!-- configureAS -->
      </class> <!-- com.AdminModule2TestCasess.RegisterAppartmentAndVerifyInDetailsPage -->
    </test> <!-- Test -->
  </suite> <!-- Suite -->
</testng-results>
